<?xml version="1.0" encoding="UTF-8"?>
<!-- Generated by org.testng.reporters.JUnitXMLReporter -->
<testsuite ignored="0" hostname="DESKTOP-M1P3LTQ" failures="0" tests="14" name="Default test" time="0.289" errors="0" timestamp="2024-09-12T23:50:01 IST">
  <testcase classname="TestNg.PriorityTest" name="m1" time="0.021"/>
  <testcase classname="TestNg.PriorityTest" name="m1" time="0.003"/>
  <testcase classname="TestNg.PriorityTest" name="m1" time="0.003"/>
  <testcase classname="TestNg.PriorityTest" name="m3" time="0.002"/>
  <testcase classname="TestNg.PriorityTest" name="m3" time="0.004"/>
  <testcase classname="TestNg.PriorityTest" name="m3" time="0.008"/>
  <testcase classname="TestNg.PriorityTest" name="m3" time="0.006"/>
  <testcase classname="TestNg.PriorityTest" name="m2" time="0.003"/>
  <testcase classname="TestNg.PriorityTest" name="m2" time="0.003"/>
  <testcase classname="TestNg.PriorityTest" name="m2" time="0.003"/>
  <testcase classname="TestNg.PriorityTest" name="m2" time="0.007"/>
  <testcase classname="TestNg.PriorityTest" name="m2" time="0.006"/>
  <testcase classname="TestNg.PriorityTest" name="m2" time="0.006"/>
  <testcase classname="TestNg.PriorityTest" name="m4" time="0.009"/>
</testsuite> <!-- Default test -->
