<?xml version="1.0" encoding="UTF-8"?>
<testng-results ignored="0" total="1" passed="1" failed="0" skipped="0">
  <reporter-output>
  </reporter-output>
  <suite started-at="2024-09-16T12:39:13 IST" name="Suite" finished-at="2024-09-16T12:39:44 IST" duration-ms="30265">
    <groups>
    </groups>
    <test started-at="2024-09-16T12:39:13 IST" name="Test" finished-at="2024-09-16T12:39:44 IST" duration-ms="30265">
      <class name="Product.CreateProductTest">
        <test-method is-config="true" signature="BS()[pri:0, instance:Product.CreateProductTest@52bf72b5]" started-at="2024-09-16T12:39:13 IST" name="BS" finished-at="2024-09-16T12:39:13 IST" duration-ms="14" status="PASS">
          <reporter-output>
          </reporter-output>
        </test-method> <!-- BS -->
        <test-method is-config="true" signature="BT()[pri:0, instance:Product.CreateProductTest@52bf72b5]" started-at="2024-09-16T12:39:13 IST" name="BT" finished-at="2024-09-16T12:39:13 IST" duration-ms="2" status="PASS">
          <reporter-output>
          </reporter-output>
        </test-method> <!-- BT -->
        <test-method is-config="true" signature="BC()[pri:0, instance:Product.CreateProductTest@52bf72b5]" started-at="2024-09-16T12:39:13 IST" name="BC" finished-at="2024-09-16T12:39:17 IST" duration-ms="3625" status="PASS">
          <reporter-output>
          </reporter-output>
        </test-method> <!-- BC -->
        <test-method is-config="true" signature="BM()[pri:0, instance:Product.CreateProductTest@52bf72b5]" started-at="2024-09-16T12:39:17 IST" name="BM" finished-at="2024-09-16T12:39:23 IST" duration-ms="5634" status="PASS">
          <reporter-output>
          </reporter-output>
        </test-method> <!-- BM -->
        <test-method signature="createProduct()[pri:0, instance:Product.CreateProductTest@52bf72b5]" started-at="2024-09-16T12:39:23 IST" name="createProduct" finished-at="2024-09-16T12:39:42 IST" duration-ms="18822" status="PASS">
          <reporter-output>
          </reporter-output>
        </test-method> <!-- createProduct -->
        <test-method is-config="true" signature="AM()[pri:0, instance:Product.CreateProductTest@52bf72b5]" started-at="2024-09-16T12:39:42 IST" name="AM" finished-at="2024-09-16T12:39:44 IST" duration-ms="2104" status="PASS">
          <reporter-output>
          </reporter-output>
        </test-method> <!-- AM -->
        <test-method is-config="true" signature="AC()[pri:0, instance:Product.CreateProductTest@52bf72b5]" started-at="2024-09-16T12:39:44 IST" name="AC" finished-at="2024-09-16T12:39:44 IST" duration-ms="0" status="PASS">
          <reporter-output>
          </reporter-output>
        </test-method> <!-- AC -->
        <test-method is-config="true" signature="AT()[pri:0, instance:Product.CreateProductTest@52bf72b5]" started-at="2024-09-16T12:39:44 IST" name="AT" finished-at="2024-09-16T12:39:44 IST" duration-ms="0" status="PASS">
          <reporter-output>
          </reporter-output>
        </test-method> <!-- AT -->
        <test-method is-config="true" signature="AS()[pri:0, instance:Product.CreateProductTest@52bf72b5]" started-at="2024-09-16T12:39:44 IST" name="AS" finished-at="2024-09-16T12:39:44 IST" duration-ms="2" status="PASS">
          <reporter-output>
          </reporter-output>
        </test-method> <!-- AS -->
      </class> <!-- Product.CreateProductTest -->
    </test> <!-- Test -->
  </suite> <!-- Suite -->
</testng-results>
